2025-11-30 01:00:45,431 - main - INFO - main.py:25 - 正在启动智慧健康管理系统后端服务...
2025-11-30 01:00:45,432 - main - INFO - main.py:26 - 系统版本: 1.0.0
2025-11-30 01:00:45,498 - main - INFO - main.py:32 - 数据库表创建成功
2025-11-30 01:01:06,782 - main - INFO - main.py:25 - 正在启动智慧健康管理系统后端服务...
2025-11-30 01:01:06,782 - main - INFO - main.py:26 - 系统版本: 1.0.0
2025-11-30 01:01:06,793 - main - INFO - main.py:32 - 数据库表创建成功
2025-11-30 21:15:03,028 - database.database - ERROR - database.py:34 - 数据库会话错误: type object 'User' has no attribute 'phone_number'
2025-11-30 21:17:10,775 - main - INFO - main.py:40 - 正在关闭智慧健康管理系统后端服务...
2025-11-30 21:17:11,074 - main - INFO - main.py:40 - 正在关闭智慧健康管理系统后端服务...
2025-11-30 21:17:53,377 - main - INFO - main.py:25 - 正在启动智慧健康管理系统后端服务...
2025-11-30 21:17:53,377 - main - INFO - main.py:26 - 系统版本: 1.0.0
2025-11-30 21:17:53,384 - main - INFO - main.py:32 - 数据库表创建成功
2025-11-30 21:18:07,314 - main - INFO - main.py:25 - 正在启动智慧健康管理系统后端服务...
2025-11-30 21:18:07,314 - main - INFO - main.py:26 - 系统版本: 1.0.0
2025-11-30 21:18:07,320 - main - INFO - main.py:32 - 数据库表创建成功
2025-11-30 21:19:33,847 - database.database - ERROR - database.py:34 - 数据库会话错误: type object 'User' has no attribute 'phone_number'
2025-11-30 21:20:01,448 - database.database - ERROR - database.py:34 - 数据库会话错误: type object 'User' has no attribute 'phone_number'
2025-11-30 21:22:48,803 - main - INFO - main.py:25 - 正在启动智慧健康管理系统后端服务...
2025-11-30 21:22:48,803 - main - INFO - main.py:26 - 系统版本: 1.0.0
2025-11-30 21:22:48,809 - main - INFO - main.py:32 - 数据库表创建成功
2025-11-30 21:24:31,322 - database.database - ERROR - database.py:34 - 数据库会话错误: [{'type': 'missing', 'loc': ('body', 'username'), 'msg': 'Field required', 'input': None}, {'type': 'missing', 'loc': ('body', 'password'), 'msg': 'Field required', 'input': None}]
2025-11-30 21:25:02,956 - database.database - ERROR - database.py:34 - 数据库会话错误: [{'type': 'missing', 'loc': ('body', 'username'), 'msg': 'Field required', 'input': None}, {'type': 'missing', 'loc': ('body', 'password'), 'msg': 'Field required', 'input': None}]
2025-11-30 21:25:34,423 - main - INFO - main.py:40 - 正在关闭智慧健康管理系统后端服务...
2025-11-30 21:25:34,563 - main - INFO - main.py:40 - 正在关闭智慧健康管理系统后端服务...
2025-11-30 21:25:45,481 - main - INFO - main.py:25 - 正在启动智慧健康管理系统后端服务...
2025-11-30 21:25:45,481 - main - INFO - main.py:26 - 系统版本: 1.0.0
2025-11-30 21:25:45,488 - main - INFO - main.py:32 - 数据库表创建成功
2025-11-30 21:26:10,344 - main - INFO - main.py:25 - 正在启动智慧健康管理系统后端服务...
2025-11-30 21:26:10,344 - main - INFO - main.py:26 - 系统版本: 1.0.0
2025-11-30 21:26:10,352 - main - INFO - main.py:32 - 数据库表创建成功
2025-11-30 21:26:54,266 - database.database - ERROR - database.py:34 - 数据库会话错误: [{'type': 'missing', 'loc': ('body', 'username'), 'msg': 'Field required', 'input': None}, {'type': 'missing', 'loc': ('body', 'password'), 'msg': 'Field required', 'input': None}]
2025-11-30 21:27:33,863 - database.database - ERROR - database.py:34 - 数据库会话错误: [{'type': 'string_too_short', 'loc': ('body', 'phone_number'), 'msg': 'String should have at least 11 characters', 'input': 'test', 'ctx': {'min_length': 11}}]
2025-11-30 21:27:50,945 - database.database - ERROR - database.py:34 - 数据库会话错误: type object 'User' has no attribute 'phone_number'
2025-11-30 21:29:47,879 - database.database - ERROR - database.py:34 - 数据库会话错误: type object 'User' has no attribute 'phone_number'
2025-11-30 21:30:45,752 - main - INFO - main.py:40 - 正在关闭智慧健康管理系统后端服务...
2025-11-30 21:31:08,772 - main - INFO - main.py:25 - 正在启动智慧健康管理系统后端服务...
2025-11-30 21:31:08,772 - main - INFO - main.py:26 - 系统版本: 1.0.0
2025-11-30 21:31:08,778 - main - INFO - main.py:32 - 数据库表创建成功
2025-11-30 21:31:40,241 - database.database - ERROR - database.py:34 - 数据库会话错误: type object 'User' has no attribute 'phone_number'
2025-11-30 21:32:35,935 - main - INFO - main.py:40 - 正在关闭智慧健康管理系统后端服务...
2025-11-30 21:33:15,989 - main - INFO - main.py:25 - 正在启动智慧健康管理系统后端服务...
2025-11-30 21:33:15,989 - main - INFO - main.py:26 - 系统版本: 1.0.0
2025-11-30 21:33:15,995 - main - INFO - main.py:32 - 数据库表创建成功
2025-11-30 21:33:30,155 - database.database - ERROR - database.py:34 - 数据库会话错误: type object 'User' has no attribute 'phone_number'
2025-11-30 21:34:09,223 - main - INFO - main.py:40 - 正在关闭智慧健康管理系统后端服务...
2025-11-30 21:34:20,939 - main - INFO - main.py:25 - 正在启动智慧健康管理系统后端服务...
2025-11-30 21:34:20,939 - main - INFO - main.py:26 - 系统版本: 1.0.0
2025-11-30 21:34:20,945 - main - INFO - main.py:32 - 数据库表创建成功
2025-11-30 21:34:30,078 - main - INFO - main.py:40 - 正在关闭智慧健康管理系统后端服务...
2025-11-30 21:34:40,577 - main - INFO - main.py:25 - 正在启动智慧健康管理系统后端服务...
2025-11-30 21:34:40,577 - main - INFO - main.py:26 - 系统版本: 1.0.0
2025-11-30 21:34:40,584 - main - INFO - main.py:32 - 数据库表创建成功
2025-11-30 21:34:43,312 - main - INFO - main.py:40 - 正在关闭智慧健康管理系统后端服务...
2025-11-30 21:34:51,477 - database.database - ERROR - database.py:34 - 数据库会话错误: type object 'User' has no attribute 'phone_number'
2025-11-30 21:34:53,696 - main - INFO - main.py:25 - 正在启动智慧健康管理系统后端服务...
2025-11-30 21:34:53,696 - main - INFO - main.py:26 - 系统版本: 1.0.0
2025-11-30 21:34:53,705 - main - INFO - main.py:32 - 数据库表创建成功
2025-11-30 21:35:27,359 - main - INFO - main.py:40 - 正在关闭智慧健康管理系统后端服务...
2025-11-30 21:36:02,692 - main - INFO - main.py:25 - 正在启动智慧健康管理系统后端服务...
2025-11-30 21:36:02,692 - main - INFO - main.py:26 - 系统版本: 1.0.0
2025-11-30 21:36:02,699 - main - INFO - main.py:32 - 数据库表创建成功
2025-11-30 21:36:16,032 - database.database - ERROR - database.py:34 - 数据库会话错误: type object 'User' has no attribute 'phone_number'
2025-11-30 22:12:35,421 - main - INFO - main.py:25 - 正在启动智慧健康管理系统后端服务...
2025-11-30 22:12:35,421 - main - INFO - main.py:26 - 系统版本: 1.0.0
2025-11-30 22:12:35,488 - main - INFO - main.py:32 - 数据库表创建成功
2025-11-30 22:12:54,433 - main - INFO - main.py:25 - 正在启动智慧健康管理系统后端服务...
2025-11-30 22:12:54,433 - main - INFO - main.py:26 - 系统版本: 1.0.0
2025-11-30 22:12:54,441 - main - INFO - main.py:32 - 数据库表创建成功
2025-11-30 22:13:09,250 - main - INFO - main.py:25 - 正在启动智慧健康管理系统后端服务...
2025-11-30 22:13:09,250 - main - INFO - main.py:26 - 系统版本: 1.0.0
2025-11-30 22:13:09,256 - main - INFO - main.py:32 - 数据库表创建成功
2025-11-30 22:38:01,092 - database.database - ERROR - database.py:34 - 数据库会话错误: 401: {'error_code': 4011, 'error_msg': '手机号或密码错误', 'detail': None}
2025-12-01 00:53:57,211 - database.database - ERROR - database.py:34 - 数据库会话错误: 401: {'error_code': 4011, 'error_msg': '手机号或密码错误', 'detail': None}
2025-12-01 00:58:18,690 - main - INFO - main.py:40 - 正在关闭智慧健康管理系统后端服务...
2025-12-01 00:58:30,222 - main - INFO - main.py:25 - 正在启动智慧健康管理系统后端服务...
2025-12-01 00:58:30,222 - main - INFO - main.py:26 - 系统版本: 1.0.0
2025-12-01 00:58:30,229 - main - INFO - main.py:32 - 数据库表创建成功
2025-12-01 01:07:24,934 - main - INFO - main.py:40 - 正在关闭智慧健康管理系统后端服务...
2025-12-01 01:07:36,656 - main - INFO - main.py:25 - 正在启动智慧健康管理系统后端服务...
2025-12-01 01:07:36,656 - main - INFO - main.py:26 - 系统版本: 1.0.0
2025-12-01 01:07:36,665 - main - INFO - main.py:32 - 数据库表创建成功
2025-12-01 01:07:50,914 - main - INFO - main.py:40 - 正在关闭智慧健康管理系统后端服务...
2025-12-01 01:08:02,655 - main - INFO - main.py:25 - 正在启动智慧健康管理系统后端服务...
2025-12-01 01:08:02,656 - main - INFO - main.py:26 - 系统版本: 1.0.0
2025-12-01 01:08:02,664 - main - INFO - main.py:32 - 数据库表创建成功
2025-12-01 01:08:07,021 - main - INFO - main.py:40 - 正在关闭智慧健康管理系统后端服务...
2025-12-01 01:08:18,272 - main - INFO - main.py:25 - 正在启动智慧健康管理系统后端服务...
2025-12-01 01:08:18,272 - main - INFO - main.py:26 - 系统版本: 1.0.0
2025-12-01 01:08:18,281 - main - INFO - main.py:32 - 数据库表创建成功
2025-12-01 01:09:03,324 - main - INFO - main.py:25 - 正在启动智慧健康管理系统后端服务...
2025-12-01 01:09:03,324 - main - INFO - main.py:26 - 系统版本: 1.0.0
2025-12-01 01:09:03,332 - main - INFO - main.py:32 - 数据库表创建成功
2025-12-01 01:09:17,919 - database.database - ERROR - database.py:34 - 数据库会话错误: 401: {'error_code': 4011, 'error_msg': '手机号或密码错误', 'detail': None}
2025-12-01 01:09:24,232 - database.database - ERROR - database.py:34 - 数据库会话错误: 401: {'error_code': 4011, 'error_msg': '手机号或密码错误', 'detail': None}
2025-12-01 01:09:54,335 - database.database - ERROR - database.py:34 - 数据库会话错误: 401: {'error_code': 4011, 'error_msg': '手机号或密码错误', 'detail': None}
2025-12-01 09:05:28,671 - main - INFO - main.py:25 - 正在启动智慧健康管理系统后端服务...
2025-12-01 09:05:28,672 - main - INFO - main.py:26 - 系统版本: 1.0.0
2025-12-01 09:05:28,728 - main - INFO - main.py:32 - 数据库表创建成功
2025-12-01 09:07:31,144 - database.database - ERROR - database.py:34 - 数据库会话错误: 401: {'error_code': 4011, 'error_msg': '手机号或密码错误', 'detail': None}
2025-12-01 09:10:35,372 - database.database - ERROR - database.py:34 - 数据库会话错误: [{'type': 'missing', 'loc': ('body', 'username'), 'msg': 'Field required', 'input': None}, {'type': 'missing', 'loc': ('body', 'password'), 'msg': 'Field required', 'input': None}]
2025-12-01 09:11:48,625 - database.database - ERROR - database.py:34 - 数据库会话错误: [{'type': 'missing', 'loc': ('body', 'username'), 'msg': 'Field required', 'input': None}, {'type': 'missing', 'loc': ('body', 'password'), 'msg': 'Field required', 'input': None}]
2025-12-01 09:15:57,962 - database.database - ERROR - database.py:34 - 数据库会话错误: 401: {'error_code': 4011, 'error_msg': '手机号或密码错误', 'detail': None}
2025-12-01 09:18:58,381 - database.database - ERROR - database.py:34 - 数据库会话错误: 401: {'error_code': 4011, 'error_msg': '手机号或密码错误', 'detail': None}
2025-12-01 09:20:00,144 - database.database - ERROR - database.py:34 - 数据库会话错误: 401: {'error_code': 4011, 'error_msg': '手机号或密码错误', 'detail': None}
2025-12-01 09:21:22,887 - database.database - ERROR - database.py:34 - 数据库会话错误: 401: {'error_code': 4011, 'error_msg': '手机号或密码错误', 'detail': None}
2025-12-01 09:22:02,945 - database.database - ERROR - database.py:34 - 数据库会话错误: 401: {'error_code': 4011, 'error_msg': '手机号或密码错误', 'detail': None}
2025-12-01 09:23:07,230 - database.database - ERROR - database.py:34 - 数据库会话错误: 401: {'error_code': 4011, 'error_msg': '手机号或密码错误', 'detail': None}
2025-12-01 09:24:46,538 - database.database - ERROR - database.py:34 - 数据库会话错误: 401: {'error_code': 4011, 'error_msg': '手机号或密码错误', 'detail': None}
2025-12-01 09:26:39,307 - database.database - ERROR - database.py:34 - 数据库会话错误: 500: {'error_code': 5001, 'error_msg': '注册失败，请稍后重试', 'detail': "(sqlite3.IntegrityError) NOT NULL constraint failed: users.username\n[SQL: INSERT INTO users (id, username, phone_number, password, role, status, last_login_at) VALUES (?, ?, ?, ?, ?, ?, ?) RETURNING created_at, updated_at]\n[parameters: ('eb2a2ae2a46c413fade941a749bfbfae', None, '13832320153', '$pbkdf2-sha256$29000$jhFCiJGyNmbsvbf2XksJAQ$jfmrFrHdteUkC1YVo/7mVaLWIEJrCBsbjMUYb0s78I0', 'ELDERLY', 'ACTIVE', None)]\n(Background on this error at: https://sqlalche.me/e/20/gkpj)"}
2025-12-01 09:26:39,313 - database.database - ERROR - database.py:34 - 数据库会话错误: 401: {'error_code': 4011, 'error_msg': '手机号或密码错误', 'detail': None}
2025-12-01 09:27:13,932 - database.database - ERROR - database.py:34 - 数据库会话错误: 500: {'error_code': 5001, 'error_msg': '注册失败，请稍后重试', 'detail': "(sqlite3.IntegrityError) NOT NULL constraint failed: users.username\n[SQL: INSERT INTO users (id, username, phone_number, password, role, status, last_login_at) VALUES (?, ?, ?, ?, ?, ?, ?) RETURNING created_at, updated_at]\n[parameters: ('480a225e30eb4475b8610ea5bbacf304', None, '13888211518', '$pbkdf2-sha256$29000$4tx7L8V4z3nPGWOMsdb6Pw$z6emvfBYYRob37pwRI6tzTZG3EQpYsu1aiR4a8QxmiQ', 'ELDERLY', 'ACTIVE', None)]\n(Background on this error at: https://sqlalche.me/e/20/gkpj)"}
2025-12-01 09:27:13,939 - database.database - ERROR - database.py:34 - 数据库会话错误: 401: {'error_code': 4011, 'error_msg': '手机号或密码错误', 'detail': None}
2025-12-01 09:30:13,745 - database.database - ERROR - database.py:34 - 数据库会话错误: 401: {'error_code': 4011, 'error_msg': '手机号或密码错误', 'detail': None}
2025-12-01 09:30:13,750 - database.database - ERROR - database.py:34 - 数据库会话错误: 401: {'error_code': 4011, 'error_msg': '手机号或密码错误', 'detail': None}
2025-12-01 09:34:21,709 - database.database - ERROR - database.py:34 - 数据库会话错误: 401: {'error_code': 4011, 'error_msg': '手机号或密码错误', 'detail': None}
2025-12-01 09:34:21,714 - database.database - ERROR - database.py:34 - 数据库会话错误: 401: {'error_code': 4011, 'error_msg': '手机号或密码错误', 'detail': None}
2025-12-01 09:34:21,720 - database.database - ERROR - database.py:34 - 数据库会话错误: 401: {'error_code': 4011, 'error_msg': '手机号或密码错误', 'detail': None}
2025-12-01 09:34:21,724 - database.database - ERROR - database.py:34 - 数据库会话错误: 401: {'error_code': 4011, 'error_msg': '手机号或密码错误', 'detail': None}
2025-12-01 09:34:21,727 - database.database - ERROR - database.py:34 - 数据库会话错误: 401: {'error_code': 4011, 'error_msg': '手机号或密码错误', 'detail': None}
2025-12-01 09:39:14,232 - main - INFO - main.py:25 - 正在启动智慧健康管理系统后端服务...
2025-12-01 09:39:14,233 - main - INFO - main.py:26 - 系统版本: 1.0.0
2025-12-01 09:39:14,295 - main - INFO - main.py:32 - 数据库表创建成功
2025-12-01 09:40:10,725 - database.database - ERROR - database.py:34 - 数据库会话错误: 401: {'error_code': 4011, 'error_msg': '手机号或密码错误', 'detail': None}
2025-12-01 09:40:10,731 - database.database - ERROR - database.py:34 - 数据库会话错误: 401: {'error_code': 4011, 'error_msg': '手机号或密码错误', 'detail': None}
2025-12-01 09:40:10,738 - database.database - ERROR - database.py:34 - 数据库会话错误: 401: {'error_code': 4011, 'error_msg': '手机号或密码错误', 'detail': None}
2025-12-01 09:40:10,742 - database.database - ERROR - database.py:34 - 数据库会话错误: 401: {'error_code': 4011, 'error_msg': '手机号或密码错误', 'detail': None}
2025-12-01 09:40:10,746 - database.database - ERROR - database.py:34 - 数据库会话错误: 401: {'error_code': 4011, 'error_msg': '手机号或密码错误', 'detail': None}
2025-12-01 09:41:01,620 - main - INFO - main.py:40 - 正在关闭智慧健康管理系统后端服务...
2025-12-01 09:41:12,260 - main - INFO - main.py:25 - 正在启动智慧健康管理系统后端服务...
2025-12-01 09:41:12,260 - main - INFO - main.py:26 - 系统版本: 1.0.0
2025-12-01 09:41:12,269 - main - INFO - main.py:32 - 数据库表创建成功
2025-12-01 09:41:12,300 - database.database - ERROR - database.py:34 - 数据库会话错误: 401: {'error_code': 4011, 'error_msg': '手机号或密码错误', 'detail': None}
2025-12-01 09:41:12,307 - database.database - ERROR - database.py:34 - 数据库会话错误: 401: {'error_code': 4011, 'error_msg': '手机号或密码错误', 'detail': None}
2025-12-01 09:41:12,312 - database.database - ERROR - database.py:34 - 数据库会话错误: 401: {'error_code': 4011, 'error_msg': '手机号或密码错误', 'detail': None}
2025-12-01 09:41:12,316 - database.database - ERROR - database.py:34 - 数据库会话错误: 401: {'error_code': 4011, 'error_msg': '手机号或密码错误', 'detail': None}
2025-12-01 09:41:12,320 - database.database - ERROR - database.py:34 - 数据库会话错误: 401: {'error_code': 4011, 'error_msg': '手机号或密码错误', 'detail': None}
2025-12-01 09:42:06,299 - main - INFO - main.py:40 - 正在关闭智慧健康管理系统后端服务...
2025-12-01 09:42:17,056 - main - INFO - main.py:25 - 正在启动智慧健康管理系统后端服务...
2025-12-01 09:42:17,057 - main - INFO - main.py:26 - 系统版本: 1.0.0
2025-12-01 09:42:17,066 - main - INFO - main.py:32 - 数据库表创建成功
2025-12-01 09:42:36,957 - main - INFO - main.py:40 - 正在关闭智慧健康管理系统后端服务...
2025-12-01 09:42:48,347 - main - INFO - main.py:25 - 正在启动智慧健康管理系统后端服务...
2025-12-01 09:42:48,347 - main - INFO - main.py:26 - 系统版本: 1.0.0
2025-12-01 09:42:48,355 - main - INFO - main.py:32 - 数据库表创建成功
2025-12-01 09:52:18,091 - main - INFO - main.py:40 - 正在关闭智慧健康管理系统后端服务...
2025-12-01 09:54:23,968 - main - INFO - main.py:25 - 正在启动智慧健康管理系统后端服务...
2025-12-01 09:54:23,968 - main - INFO - main.py:26 - 系统版本: 1.0.0
2025-12-01 09:54:24,035 - main - INFO - main.py:32 - 数据库表创建成功
2025-12-01 09:54:25,728 - database.database - ERROR - database.py:34 - 数据库会话错误: 401: {'error_code': 4011, 'error_msg': '手机号或密码错误', 'detail': None}
2025-12-01 09:54:25,735 - database.database - ERROR - database.py:34 - 数据库会话错误: 401: {'error_code': 4011, 'error_msg': '手机号或密码错误', 'detail': None}
2025-12-01 09:54:25,741 - database.database - ERROR - database.py:34 - 数据库会话错误: 401: {'error_code': 4011, 'error_msg': '手机号或密码错误', 'detail': None}
2025-12-01 09:54:25,746 - database.database - ERROR - database.py:34 - 数据库会话错误: 401: {'error_code': 4011, 'error_msg': '手机号或密码错误', 'detail': None}
2025-12-01 09:54:25,751 - database.database - ERROR - database.py:34 - 数据库会话错误: 401: {'error_code': 4011, 'error_msg': '手机号或密码错误', 'detail': None}
2025-12-01 09:56:17,049 - database.database - ERROR - database.py:34 - 数据库会话错误: 401: {'error_code': 4011, 'error_msg': '手机号或密码错误', 'detail': None}
2025-12-01 09:56:17,054 - database.database - ERROR - database.py:34 - 数据库会话错误: 401: {'error_code': 4011, 'error_msg': '手机号或密码错误', 'detail': None}
2025-12-01 09:56:17,060 - database.database - ERROR - database.py:34 - 数据库会话错误: 401: {'error_code': 4011, 'error_msg': '手机号或密码错误', 'detail': None}
2025-12-01 09:56:17,064 - database.database - ERROR - database.py:34 - 数据库会话错误: 401: {'error_code': 4011, 'error_msg': '手机号或密码错误', 'detail': None}
2025-12-01 09:56:17,068 - database.database - ERROR - database.py:34 - 数据库会话错误: 401: {'error_code': 4011, 'error_msg': '手机号或密码错误', 'detail': None}
2025-12-01 09:57:21,137 - main - INFO - main.py:40 - 正在关闭智慧健康管理系统后端服务...
2025-12-01 09:57:31,990 - main - INFO - main.py:25 - 正在启动智慧健康管理系统后端服务...
2025-12-01 09:57:31,990 - main - INFO - main.py:26 - 系统版本: 1.0.0
2025-12-01 09:57:31,998 - main - INFO - main.py:32 - 数据库表创建成功
2025-12-01 09:57:42,115 - main - INFO - main.py:40 - 正在关闭智慧健康管理系统后端服务...
2025-12-01 09:57:53,180 - main - INFO - main.py:25 - 正在启动智慧健康管理系统后端服务...
2025-12-01 09:57:53,181 - main - INFO - main.py:26 - 系统版本: 1.0.0
2025-12-01 09:57:53,186 - main - INFO - main.py:32 - 数据库表创建成功
2025-12-01 09:57:53,219 - database.database - ERROR - database.py:34 - 数据库会话错误: 401: {'error_code': 4011, 'error_msg': '手机号或密码错误', 'detail': None}
2025-12-01 09:57:53,226 - database.database - ERROR - database.py:34 - 数据库会话错误: 401: {'error_code': 4011, 'error_msg': '手机号或密码错误', 'detail': None}
2025-12-01 09:57:53,232 - database.database - ERROR - database.py:34 - 数据库会话错误: 401: {'error_code': 4011, 'error_msg': '手机号或密码错误', 'detail': None}
2025-12-01 09:57:53,236 - database.database - ERROR - database.py:34 - 数据库会话错误: 401: {'error_code': 4011, 'error_msg': '手机号或密码错误', 'detail': None}
2025-12-01 09:57:53,240 - database.database - ERROR - database.py:34 - 数据库会话错误: 401: {'error_code': 4011, 'error_msg': '手机号或密码错误', 'detail': None}
2025-12-01 10:00:18,846 - main - INFO - main.py:25 - 正在启动智慧健康管理系统后端服务...
2025-12-01 10:00:18,846 - main - INFO - main.py:26 - 系统版本: 1.0.0
2025-12-01 10:00:18,853 - main - INFO - main.py:32 - 数据库表创建成功
2025-12-01 10:00:19,079 - database.database - ERROR - database.py:34 - 数据库会话错误: 401: {'error_code': 4011, 'error_msg': '手机号或密码错误', 'detail': None}
2025-12-01 10:00:19,087 - database.database - ERROR - database.py:34 - 数据库会话错误: 401: {'error_code': 4011, 'error_msg': '手机号或密码错误', 'detail': None}
2025-12-01 10:00:19,095 - database.database - ERROR - database.py:34 - 数据库会话错误: 401: {'error_code': 4011, 'error_msg': '手机号或密码错误', 'detail': None}
2025-12-01 10:00:19,100 - database.database - ERROR - database.py:34 - 数据库会话错误: 401: {'error_code': 4011, 'error_msg': '手机号或密码错误', 'detail': None}
2025-12-01 10:00:19,104 - database.database - ERROR - database.py:34 - 数据库会话错误: 401: {'error_code': 4011, 'error_msg': '手机号或密码错误', 'detail': None}
2025-12-01 10:00:45,151 - database.database - ERROR - database.py:34 - 数据库会话错误: 401: {'error_code': 4011, 'error_msg': '手机号或密码错误', 'detail': None}
2025-12-01 10:00:45,157 - database.database - ERROR - database.py:34 - 数据库会话错误: 401: {'error_code': 4011, 'error_msg': '手机号或密码错误', 'detail': None}
2025-12-01 10:00:45,162 - database.database - ERROR - database.py:34 - 数据库会话错误: 401: {'error_code': 4011, 'error_msg': '手机号或密码错误', 'detail': None}
2025-12-01 10:00:45,167 - database.database - ERROR - database.py:34 - 数据库会话错误: 401: {'error_code': 4011, 'error_msg': '手机号或密码错误', 'detail': None}
2025-12-01 10:00:45,171 - database.database - ERROR - database.py:34 - 数据库会话错误: 401: {'error_code': 4011, 'error_msg': '手机号或密码错误', 'detail': None}
2025-12-01 10:02:58,791 - main - INFO - main.py:40 - 正在关闭智慧健康管理系统后端服务...
2025-12-01 10:03:10,282 - main - INFO - main.py:25 - 正在启动智慧健康管理系统后端服务...
2025-12-01 10:03:10,282 - main - INFO - main.py:26 - 系统版本: 1.0.0
2025-12-01 10:03:10,289 - main - INFO - main.py:32 - 数据库表创建成功
2025-12-01 10:03:33,676 - main - INFO - main.py:40 - 正在关闭智慧健康管理系统后端服务...
2025-12-01 10:03:44,602 - main - INFO - main.py:25 - 正在启动智慧健康管理系统后端服务...
2025-12-01 10:03:44,602 - main - INFO - main.py:26 - 系统版本: 1.0.0
2025-12-01 10:03:44,608 - main - INFO - main.py:32 - 数据库表创建成功
2025-12-01 10:03:44,645 - database.database - ERROR - database.py:34 - 数据库会话错误: 401: {'error_code': 4011, 'error_msg': '手机号或密码错误', 'detail': None}
2025-12-01 10:03:44,654 - database.database - ERROR - database.py:34 - 数据库会话错误: 401: {'error_code': 4011, 'error_msg': '手机号或密码错误', 'detail': None}
2025-12-01 10:03:44,663 - database.database - ERROR - database.py:34 - 数据库会话错误: 401: {'error_code': 4011, 'error_msg': '手机号或密码错误', 'detail': None}
2025-12-01 10:03:44,667 - database.database - ERROR - database.py:34 - 数据库会话错误: 401: {'error_code': 4011, 'error_msg': '手机号或密码错误', 'detail': None}
2025-12-01 10:03:44,671 - database.database - ERROR - database.py:34 - 数据库会话错误: 401: {'error_code': 4011, 'error_msg': '手机号或密码错误', 'detail': None}
2025-12-01 10:04:43,892 - database.database - ERROR - database.py:34 - 数据库会话错误: 401: {'error_code': 4011, 'error_msg': '手机号或密码错误', 'detail': None}
2025-12-01 10:04:43,898 - database.database - ERROR - database.py:34 - 数据库会话错误: 401: {'error_code': 4011, 'error_msg': '手机号或密码错误', 'detail': None}
2025-12-01 10:04:43,904 - database.database - ERROR - database.py:34 - 数据库会话错误: 401: {'error_code': 4011, 'error_msg': '手机号或密码错误', 'detail': None}
2025-12-01 10:04:43,909 - database.database - ERROR - database.py:34 - 数据库会话错误: 401: {'error_code': 4011, 'error_msg': '手机号或密码错误', 'detail': None}
2025-12-01 10:04:43,913 - database.database - ERROR - database.py:34 - 数据库会话错误: 401: {'error_code': 4011, 'error_msg': '手机号或密码错误', 'detail': None}
2025-12-01 10:17:48,110 - main - INFO - main.py:25 - 正在启动智慧健康管理系统后端服务...
2025-12-01 10:17:48,110 - main - INFO - main.py:26 - 系统版本: 1.0.0
2025-12-01 10:17:48,117 - main - INFO - main.py:32 - 数据库表创建成功
2025-12-01 10:18:25,067 - main - INFO - main.py:40 - 正在关闭智慧健康管理系统后端服务...
2025-12-01 10:19:06,399 - main - INFO - main.py:25 - 正在启动智慧健康管理系统后端服务...
2025-12-01 10:19:06,399 - main - INFO - main.py:26 - 系统版本: 1.0.0
2025-12-01 10:19:06,408 - main - INFO - main.py:32 - 数据库表创建成功
2025-12-01 10:19:18,693 - main - INFO - main.py:40 - 正在关闭智慧健康管理系统后端服务...
2025-12-01 10:19:43,436 - main - INFO - main.py:25 - 正在启动智慧健康管理系统后端服务...
2025-12-01 10:19:43,436 - main - INFO - main.py:26 - 系统版本: 1.0.0
2025-12-01 10:19:43,443 - main - INFO - main.py:32 - 数据库表创建成功
2025-12-01 10:19:59,098 - main - INFO - main.py:40 - 正在关闭智慧健康管理系统后端服务...
2025-12-01 10:20:28,787 - main - INFO - main.py:25 - 正在启动智慧健康管理系统后端服务...
2025-12-01 10:20:28,787 - main - INFO - main.py:26 - 系统版本: 1.0.0
2025-12-01 10:20:28,794 - main - INFO - main.py:32 - 数据库表创建成功
2025-12-01 10:21:12,486 - main - INFO - main.py:40 - 正在关闭智慧健康管理系统后端服务...
2025-12-01 10:22:30,104 - main - INFO - main.py:25 - 正在启动智慧健康管理系统后端服务...
2025-12-01 10:22:30,104 - main - INFO - main.py:26 - 系统版本: 1.0.0
2025-12-01 10:22:30,113 - main - INFO - main.py:32 - 数据库表创建成功
2025-12-01 10:22:46,206 - main - INFO - main.py:40 - 正在关闭智慧健康管理系统后端服务...
2025-12-01 10:23:36,495 - main - INFO - main.py:25 - 正在启动智慧健康管理系统后端服务...
2025-12-01 10:23:36,495 - main - INFO - main.py:26 - 系统版本: 1.0.0
2025-12-01 10:23:36,505 - main - INFO - main.py:32 - 数据库表创建成功
2025-12-01 11:09:21,077 - database.database - ERROR - database.py:34 - 数据库会话错误: hash could not be identified
2025-12-01 11:15:43,739 - main - INFO - main.py:25 - 正在启动智慧健康管理系统后端服务...
2025-12-01 11:15:43,739 - main - INFO - main.py:26 - 系统版本: 1.0.0
2025-12-01 11:15:43,748 - main - INFO - main.py:32 - 数据库表创建成功
2025-12-01 11:16:03,198 - main - INFO - main.py:40 - 正在关闭智慧健康管理系统后端服务...
2025-12-01 11:17:22,683 - main - INFO - main.py:25 - 正在启动智慧健康管理系统后端服务...
2025-12-01 11:17:22,683 - main - INFO - main.py:26 - 系统版本: 1.0.0
2025-12-01 11:17:22,697 - main - INFO - main.py:32 - 数据库表创建成功
2025-12-01 11:17:43,169 - main - INFO - main.py:40 - 正在关闭智慧健康管理系统后端服务...
2025-12-01 16:13:47,078 - main - INFO - main.py:25 - 正在启动智慧健康管理系统后端服务...
2025-12-01 16:13:47,078 - main - INFO - main.py:26 - 系统版本: 1.0.0
2025-12-01 16:13:47,085 - main - INFO - main.py:32 - 数据库表创建成功
2025-12-01 16:14:05,358 - database.database - ERROR - database.py:34 - 数据库会话错误: 500: {'error_code': 5001, 'error_msg': '注册失败，请稍后重试', 'detail': "(sqlite3.IntegrityError) NOT NULL constraint failed: users.username\n[SQL: INSERT INTO users (id, username, phone_number, password, role, status, last_login_at) VALUES (?, ?, ?, ?, ?, ?, ?) RETURNING created_at, updated_at]\n[parameters: ('e4f7d8160b284ce8aeb55af680f291aa', None, '13800138001', '$pbkdf2-sha256$29000$/J/zvpfSuvf.f49xDsHYWw$8iID9t9iIEBWgrfhp0E8A7HPgRZMDSs1CQSdxsGP48Q', 'ELDERLY', 'ACTIVE', None)]\n(Background on this error at: https://sqlalche.me/e/20/gkpj)"}
2025-12-01 16:14:05,368 - database.database - ERROR - database.py:34 - 数据库会话错误: 401: {'error_code': 4011, 'error_msg': '手机号或密码错误', 'detail': None}
2025-12-01 16:14:26,713 - main - INFO - main.py:40 - 正在关闭智慧健康管理系统后端服务...
2025-12-01 16:15:04,255 - main - INFO - main.py:25 - 正在启动智慧健康管理系统后端服务...
2025-12-01 16:15:04,255 - main - INFO - main.py:26 - 系统版本: 1.0.0
2025-12-01 16:15:04,263 - main - INFO - main.py:32 - 数据库表创建成功
2025-12-01 16:15:18,161 - database.database - ERROR - database.py:34 - 数据库会话错误: 500: {'error_code': 5001, 'error_msg': '注册失败，请稍后重试', 'detail': "'id_card' is an invalid keyword argument for ElderlyProfile"}
2025-12-01 16:15:18,203 - database.database - ERROR - database.py:34 - 数据库会话错误: 2 validation errors:
  {'type': 'missing', 'loc': ('response', 'access_token'), 'msg': 'Field required', 'input': {'status': 'success', 'data': {'access_token': 'eyJhbGciOiJIUzI1NiIsInR5cCI6IkpXVCJ9.eyJzdWIiOiIwMGQ4NGQ1MS00Nzc1LTQwMWItYTM2MS0wZGVlNjBmYWM0NGQiLCJyb2xlIjoiZWxkZXJseSIsImV4cCI6MTc2NDU4MDUxOH0.NOAkqc4Hr9QAAvo_HChcfuj0lQL2gsSrRiLtyuObesE', 'token_type': 'bearer', 'expires_in': 3600, 'user_id': '00d84d51-4775-401b-a361-0dee60fac44d', 'username': '13800138001', 'role': <UserRole.ELDERLY: 'elderly'>}, 'message': '登录成功'}}
  {'type': 'missing', 'loc': ('response', 'user_info'), 'msg': 'Field required', 'input': {'status': 'success', 'data': {'access_token': 'eyJhbGciOiJIUzI1NiIsInR5cCI6IkpXVCJ9.eyJzdWIiOiIwMGQ4NGQ1MS00Nzc1LTQwMWItYTM2MS0wZGVlNjBmYWM0NGQiLCJyb2xlIjoiZWxkZXJseSIsImV4cCI6MTc2NDU4MDUxOH0.NOAkqc4Hr9QAAvo_HChcfuj0lQL2gsSrRiLtyuObesE', 'token_type': 'bearer', 'expires_in': 3600, 'user_id': '00d84d51-4775-401b-a361-0dee60fac44d', 'username': '13800138001', 'role': <UserRole.ELDERLY: 'elderly'>}, 'message': '登录成功'}}

2025-12-01 16:15:33,592 - main - INFO - main.py:40 - 正在关闭智慧健康管理系统后端服务...
2025-12-01 16:16:30,193 - main - INFO - main.py:25 - 正在启动智慧健康管理系统后端服务...
2025-12-01 16:16:30,194 - main - INFO - main.py:26 - 系统版本: 1.0.0
2025-12-01 16:16:30,202 - main - INFO - main.py:32 - 数据库表创建成功
2025-12-01 16:25:41,175 - database.database - ERROR - database.py:34 - 数据库会话错误: hash could not be identified
2025-12-01 19:15:09,872 - main - INFO - main.py:25 - 正在启动智慧健康管理系统后端服务...
2025-12-01 19:15:09,873 - main - INFO - main.py:26 - 系统版本: 1.0.0
2025-12-01 19:15:09,892 - main - INFO - main.py:32 - 数据库表创建成功
2025-12-01 19:15:51,586 - database.database - ERROR - database.py:34 - 数据库会话错误: hash could not be identified
2025-12-01 19:16:07,172 - database.database - ERROR - database.py:34 - 数据库会话错误: hash could not be identified
2025-12-01 19:16:07,197 - database.database - ERROR - database.py:34 - 数据库会话错误: hash could not be identified
2025-12-01 19:16:07,231 - database.database - ERROR - database.py:34 - 数据库会话错误: hash could not be identified
2025-12-01 19:16:07,260 - database.database - ERROR - database.py:34 - 数据库会话错误: hash could not be identified
2025-12-01 19:16:07,298 - database.database - ERROR - database.py:34 - 数据库会话错误: hash could not be identified
2025-12-01 19:16:07,337 - database.database - ERROR - database.py:34 - 数据库会话错误: hash could not be identified
2025-12-01 19:18:28,790 - main - INFO - main.py:25 - 正在启动智慧健康管理系统后端服务...
2025-12-01 19:18:28,790 - main - INFO - main.py:26 - 系统版本: 1.0.0
2025-12-01 19:18:28,800 - main - INFO - main.py:32 - 数据库表创建成功
2025-12-01 19:20:35,510 - database.database - ERROR - database.py:34 - 数据库会话错误: hash could not be identified
2025-12-01 19:20:35,537 - database.database - ERROR - database.py:34 - 数据库会话错误: hash could not be identified
2025-12-01 19:20:35,571 - database.database - ERROR - database.py:34 - 数据库会话错误: hash could not be identified
2025-12-01 19:20:35,580 - database.database - ERROR - database.py:34 - 数据库会话错误: hash could not be identified
2025-12-01 19:20:35,602 - database.database - ERROR - database.py:34 - 数据库会话错误: hash could not be identified
2025-12-01 19:20:35,631 - database.database - ERROR - database.py:34 - 数据库会话错误: hash could not be identified
2025-12-01 19:24:13,396 - database.database - ERROR - database.py:34 - 数据库会话错误: hash could not be identified
2025-12-01 19:24:13,431 - database.database - ERROR - database.py:34 - 数据库会话错误: hash could not be identified
2025-12-01 19:24:13,465 - database.database - ERROR - database.py:34 - 数据库会话错误: hash could not be identified
2025-12-01 19:24:13,493 - database.database - ERROR - database.py:34 - 数据库会话错误: hash could not be identified
2025-12-01 19:24:13,526 - database.database - ERROR - database.py:34 - 数据库会话错误: hash could not be identified
2025-12-01 19:24:13,553 - database.database - ERROR - database.py:34 - 数据库会话错误: hash could not be identified
2025-12-01 19:25:51,701 - database.database - ERROR - database.py:34 - 数据库会话错误: hash could not be identified
2025-12-01 19:25:51,730 - database.database - ERROR - database.py:34 - 数据库会话错误: hash could not be identified
2025-12-01 19:25:51,763 - database.database - ERROR - database.py:34 - 数据库会话错误: hash could not be identified
2025-12-01 19:25:51,776 - database.database - ERROR - database.py:34 - 数据库会话错误: hash could not be identified
2025-12-01 19:25:51,812 - database.database - ERROR - database.py:34 - 数据库会话错误: hash could not be identified
2025-12-01 19:25:51,840 - database.database - ERROR - database.py:34 - 数据库会话错误: hash could not be identified
2025-12-01 19:26:29,104 - main - INFO - main.py:25 - 正在启动智慧健康管理系统后端服务...
2025-12-01 19:26:29,104 - main - INFO - main.py:26 - 系统版本: 1.0.0
2025-12-01 19:26:29,113 - main - INFO - main.py:32 - 数据库表创建成功
2025-12-01 19:26:38,503 - database.database - ERROR - database.py:34 - 数据库会话错误: hash could not be identified
2025-12-01 19:26:38,524 - database.database - ERROR - database.py:34 - 数据库会话错误: hash could not be identified
2025-12-01 19:26:38,559 - database.database - ERROR - database.py:34 - 数据库会话错误: hash could not be identified
2025-12-01 19:26:38,566 - database.database - ERROR - database.py:34 - 数据库会话错误: hash could not be identified
2025-12-01 19:26:38,589 - database.database - ERROR - database.py:34 - 数据库会话错误: hash could not be identified
2025-12-01 19:26:38,618 - database.database - ERROR - database.py:34 - 数据库会话错误: hash could not be identified
2025-12-02 02:30:11,203 - main - INFO - main.py:25 - 正在启动智慧健康管理系统后端服务...
2025-12-02 02:30:11,204 - main - INFO - main.py:26 - 系统版本: 1.0.0
2025-12-02 02:30:11,212 - main - INFO - main.py:32 - 数据库表创建成功
2025-12-02 02:31:42,833 - main - INFO - main.py:40 - 正在关闭智慧健康管理系统后端服务...
2025-12-02 02:32:09,035 - main - INFO - main.py:25 - 正在启动智慧健康管理系统后端服务...
2025-12-02 02:32:09,035 - main - INFO - main.py:26 - 系统版本: 1.0.0
2025-12-02 02:32:09,045 - main - INFO - main.py:32 - 数据库表创建成功
2025-12-02 12:32:32,219 - main - INFO - main.py:40 - 正在关闭智慧健康管理系统后端服务...
2025-12-02 12:33:31,510 - main - INFO - main.py:25 - 正在启动智慧健康管理系统后端服务...
2025-12-02 12:33:31,510 - main - INFO - main.py:26 - 系统版本: 1.0.0
2025-12-02 12:33:31,522 - main - INFO - main.py:32 - 数据库表创建成功
2025-12-02 12:38:18,420 - main - INFO - main.py:40 - 正在关闭智慧健康管理系统后端服务...
2025-12-02 12:38:35,526 - main - INFO - main.py:25 - 正在启动智慧健康管理系统后端服务...
2025-12-02 12:38:35,526 - main - INFO - main.py:26 - 系统版本: 1.0.0
2025-12-02 12:38:35,536 - main - INFO - main.py:32 - 数据库表创建成功
2025-12-02 12:38:47,533 - database.database - ERROR - database.py:34 - 数据库会话错误: 2 validation errors:
  {'type': 'missing', 'loc': ('response', 'access_token'), 'msg': 'Field required', 'input': {'status': 'success', 'data': {'access_token': 'eyJhbGciOiJIUzI1NiIsInR5cCI6IkpXVCJ9.eyJzdWIiOiIyMjhhY2FhZS0zZDc1LTRlNDEtODk2NS0wYzFiOTkwMzA1NjQiLCJyb2xlIjoiZWxkZXJseSIsImV4cCI6MTc2NDY1MzkyN30.0ul1g7hwAQPhRBNCXIrAyMSjCXo2xeaiVL4YM18X0Mg', 'token_type': 'bearer', 'expires_in': 3600, 'user_id': '228acaae-3d75-4e41-8965-0c1b99030564', 'username': '18262121731', 'role': <UserRole.ELDERLY: 'elderly'>}, 'message': '登录成功'}}
  {'type': 'missing', 'loc': ('response', 'user_info'), 'msg': 'Field required', 'input': {'status': 'success', 'data': {'access_token': 'eyJhbGciOiJIUzI1NiIsInR5cCI6IkpXVCJ9.eyJzdWIiOiIyMjhhY2FhZS0zZDc1LTRlNDEtODk2NS0wYzFiOTkwMzA1NjQiLCJyb2xlIjoiZWxkZXJseSIsImV4cCI6MTc2NDY1MzkyN30.0ul1g7hwAQPhRBNCXIrAyMSjCXo2xeaiVL4YM18X0Mg', 'token_type': 'bearer', 'expires_in': 3600, 'user_id': '228acaae-3d75-4e41-8965-0c1b99030564', 'username': '18262121731', 'role': <UserRole.ELDERLY: 'elderly'>}, 'message': '登录成功'}}

2025-12-02 12:39:16,301 - main - INFO - main.py:40 - 正在关闭智慧健康管理系统后端服务...
2025-12-02 12:39:31,489 - main - INFO - main.py:25 - 正在启动智慧健康管理系统后端服务...
2025-12-02 12:39:31,489 - main - INFO - main.py:26 - 系统版本: 1.0.0
2025-12-02 12:39:31,498 - main - INFO - main.py:32 - 数据库表创建成功
2025-12-02 12:42:01,031 - database.database - ERROR - database.py:34 - 数据库会话错误: 401: {'error_code': 4012, 'error_msg': '用户角色不匹配', 'detail': '期望角色: children, 实际角色: UserRole.ELDERLY'}
2025-12-02 12:42:06,108 - database.database - ERROR - database.py:34 - 数据库会话错误: 401: {'error_code': 4012, 'error_msg': '用户角色不匹配', 'detail': '期望角色: community, 实际角色: UserRole.ELDERLY'}
2025-12-02 12:44:23,720 - main - INFO - main.py:40 - 正在关闭智慧健康管理系统后端服务...
2025-12-02 12:44:38,362 - main - INFO - main.py:25 - 正在启动智慧健康管理系统后端服务...
2025-12-02 12:44:38,362 - main - INFO - main.py:26 - 系统版本: 1.0.0
2025-12-02 12:44:38,371 - main - INFO - main.py:32 - 数据库表创建成功
2025-12-02 12:45:00,271 - main - INFO - main.py:40 - 正在关闭智慧健康管理系统后端服务...
2025-12-02 12:45:27,599 - main - INFO - main.py:25 - 正在启动智慧健康管理系统后端服务...
2025-12-02 12:45:27,599 - main - INFO - main.py:26 - 系统版本: 1.0.0
2025-12-02 12:45:27,608 - main - INFO - main.py:32 - 数据库表创建成功
2025-12-02 12:45:32,606 - main - INFO - main.py:40 - 正在关闭智慧健康管理系统后端服务...
2025-12-02 12:45:47,481 - main - INFO - main.py:25 - 正在启动智慧健康管理系统后端服务...
2025-12-02 12:45:47,481 - main - INFO - main.py:26 - 系统版本: 1.0.0
2025-12-02 12:45:47,489 - main - INFO - main.py:32 - 数据库表创建成功
2025-12-02 12:48:42,893 - database.database - ERROR - database.py:34 - 数据库会话错误: 'Settings' object has no attribute 'JWT_SECRET_KEY'
2025-12-02 12:49:12,083 - main - INFO - main.py:40 - 正在关闭智慧健康管理系统后端服务...
2025-12-02 12:49:32,944 - main - INFO - main.py:25 - 正在启动智慧健康管理系统后端服务...
2025-12-02 12:49:32,944 - main - INFO - main.py:26 - 系统版本: 1.0.0
2025-12-02 12:49:32,952 - main - INFO - main.py:32 - 数据库表创建成功
2025-12-02 12:51:21,080 - database.database - ERROR - database.py:34 - 数据库会话错误: invalid literal for int() with base 10: '228acaae-3d75-4e41-8965-0c1b99030564'
2025-12-02 12:51:53,127 - main - INFO - main.py:40 - 正在关闭智慧健康管理系统后端服务...
2025-12-02 12:52:15,247 - main - INFO - main.py:25 - 正在启动智慧健康管理系统后端服务...
2025-12-02 12:52:15,247 - main - INFO - main.py:26 - 系统版本: 1.0.0
2025-12-02 12:52:15,254 - main - INFO - main.py:32 - 数据库表创建成功
2025-12-02 12:52:36,469 - database.database - ERROR - database.py:34 - 数据库会话错误: 'User' object has no attribute 'is_active'
2025-12-02 12:54:15,141 - database.database - ERROR - database.py:34 - 数据库会话错误: 'User' object has no attribute 'is_active'
2025-12-02 12:54:43,723 - main - INFO - main.py:40 - 正在关闭智慧健康管理系统后端服务...
2025-12-02 12:54:57,683 - main - INFO - main.py:25 - 正在启动智慧健康管理系统后端服务...
2025-12-02 12:54:57,683 - main - INFO - main.py:26 - 系统版本: 1.0.0
2025-12-02 12:54:57,692 - main - INFO - main.py:32 - 数据库表创建成功
2025-12-02 12:55:03,762 - api.routes.elderly - INFO - elderly.py:463 - 获取用户 228acaae-3d75-4e41-8965-0c1b99030564 的今日健康数据
2025-12-02 12:57:48,661 - main - INFO - main.py:40 - 正在关闭智慧健康管理系统后端服务...
2025-12-02 12:58:13,119 - main - INFO - main.py:25 - 正在启动智慧健康管理系统后端服务...
2025-12-02 12:58:13,119 - main - INFO - main.py:26 - 系统版本: 1.0.0
2025-12-02 12:58:13,127 - main - INFO - main.py:32 - 数据库表创建成功
2025-12-02 12:58:56,481 - main - INFO - main.py:40 - 正在关闭智慧健康管理系统后端服务...
2025-12-02 12:59:11,289 - main - INFO - main.py:25 - 正在启动智慧健康管理系统后端服务...
2025-12-02 12:59:11,289 - main - INFO - main.py:26 - 系统版本: 1.0.0
2025-12-02 12:59:11,297 - main - INFO - main.py:32 - 数据库表创建成功
2025-12-02 13:34:03,789 - api.routes.elderly - INFO - elderly.py:554 - 用户 228acaae-3d75-4e41-8965-0c1b99030564 发起 AI 对话: 我最近血压有点高，怎么办？...
2025-12-02 13:40:01,753 - api.routes.elderly - INFO - elderly.py:602 - 用户 228acaae-3d75-4e41-8965-0c1b99030564 请求 AI 分析: 血压
2025-12-02 13:59:53,145 - main - INFO - main.py:40 - 正在关闭智慧健康管理系统后端服务...
2025-12-02 14:00:20,059 - main - INFO - main.py:25 - 正在启动智慧健康管理系统后端服务...
2025-12-02 14:00:20,059 - main - INFO - main.py:26 - 系统版本: 1.0.0
2025-12-02 14:00:20,068 - main - INFO - main.py:32 - 数据库表创建成功
2025-12-02 14:00:52,514 - main - INFO - main.py:40 - 正在关闭智慧健康管理系统后端服务...
2025-12-02 14:01:08,186 - main - INFO - main.py:25 - 正在启动智慧健康管理系统后端服务...
2025-12-02 14:01:08,186 - main - INFO - main.py:26 - 系统版本: 1.0.0
2025-12-02 14:01:08,192 - main - INFO - main.py:32 - 数据库表创建成功
2025-12-02 14:09:09,691 - api.routes.elderly - INFO - elderly.py:798 - 用户 228acaae-3d75-4e41-8965-0c1b99030564 获取心率图表, period=today
2025-12-02 14:09:09,697 - api.routes.elderly - INFO - elderly.py:857 - 用户 228acaae-3d75-4e41-8965-0c1b99030564 获取睡眠图表, period=week
2025-12-02 14:09:09,702 - api.routes.elderly - INFO - elderly.py:906 - 用户 228acaae-3d75-4e41-8965-0c1b99030564 获取血压图表, period=week
2025-12-02 14:09:09,707 - api.routes.elderly - INFO - elderly.py:950 - 用户 228acaae-3d75-4e41-8965-0c1b99030564 获取健康雷达图
2025-12-02 14:09:09,711 - api.routes.elderly - INFO - elderly.py:989 - 用户 228acaae-3d75-4e41-8965-0c1b99030564 获取当前健康报告
2025-12-02 14:09:09,717 - api.routes.elderly - INFO - elderly.py:1043 - 用户 228acaae-3d75-4e41-8965-0c1b99030564 记录心情: happy
2025-12-02 14:28:18,023 - main - INFO - main.py:40 - 正在关闭智慧健康管理系统后端服务...
2025-12-02 14:28:42,772 - main - INFO - main.py:25 - 正在启动智慧健康管理系统后端服务...
2025-12-02 14:28:42,773 - main - INFO - main.py:26 - 系统版本: 1.0.0
2025-12-02 14:28:42,781 - main - INFO - main.py:32 - 数据库表创建成功
2025-12-02 14:29:20,468 - main - INFO - main.py:40 - 正在关闭智慧健康管理系统后端服务...
2025-12-02 14:29:36,900 - main - INFO - main.py:25 - 正在启动智慧健康管理系统后端服务...
2025-12-02 14:29:36,900 - main - INFO - main.py:26 - 系统版本: 1.0.0
2025-12-02 14:29:36,906 - main - INFO - main.py:32 - 数据库表创建成功
2025-12-02 14:44:24,767 - main - INFO - main.py:40 - 正在关闭智慧健康管理系统后端服务...
2025-12-02 14:44:38,777 - main - INFO - main.py:25 - 正在启动智慧健康管理系统后端服务...
2025-12-02 14:44:38,777 - main - INFO - main.py:26 - 系统版本: 1.0.0
2025-12-02 14:44:38,785 - main - INFO - main.py:32 - 数据库表创建成功
2025-12-02 14:44:38,984 - api.routes.children - INFO - children.py:477 - 用户 228acaae-3d75-4e41-8965-0c1b99030564 获取绑定老人列表
2025-12-02 14:44:38,990 - api.routes.children - INFO - children.py:544 - 用户 228acaae-3d75-4e41-8965-0c1b99030564 获取老人详情: abc123
2025-12-02 14:44:38,994 - api.routes.children - INFO - children.py:639 - 用户 228acaae-3d75-4e41-8965-0c1b99030564 获取实时监控: abc123
2025-12-02 14:44:38,998 - database.database - ERROR - database.py:34 - 数据库会话错误: [{'type': 'missing', 'loc': ('body', 'elderly_id'), 'msg': 'Field required', 'input': {'elderId': 'abc', 'type': 'medication', 'title': '吃药提醒', 'scheduledTime': '2025-12-02T08:00:00'}}, {'type': 'missing', 'loc': ('body', 'reminder_type'), 'msg': 'Field required', 'input': {'elderId': 'abc', 'type': 'medication', 'title': '吃药提醒', 'scheduledTime': '2025-12-02T08:00:00'}}, {'type': 'missing', 'loc': ('body', 'content'), 'msg': 'Field required', 'input': {'elderId': 'abc', 'type': 'medication', 'title': '吃药提醒', 'scheduledTime': '2025-12-02T08:00:00'}}, {'type': 'missing', 'loc': ('body', 'reminder_time'), 'msg': 'Field required', 'input': {'elderId': 'abc', 'type': 'medication', 'title': '吃药提醒', 'scheduledTime': '2025-12-02T08:00:00'}}]
2025-12-02 14:44:59,615 - database.database - ERROR - database.py:34 - 数据库会话错误: [{'type': 'missing', 'loc': ('body', 'elderly_id'), 'msg': 'Field required', 'input': {'elderId': 'abc', 'type': 'medication', 'title': '吃药提醒', 'scheduledTime': '2025-12-02T08:00:00'}}, {'type': 'missing', 'loc': ('body', 'reminder_type'), 'msg': 'Field required', 'input': {'elderId': 'abc', 'type': 'medication', 'title': '吃药提醒', 'scheduledTime': '2025-12-02T08:00:00'}}, {'type': 'missing', 'loc': ('body', 'content'), 'msg': 'Field required', 'input': {'elderId': 'abc', 'type': 'medication', 'title': '吃药提醒', 'scheduledTime': '2025-12-02T08:00:00'}}, {'type': 'missing', 'loc': ('body', 'reminder_time'), 'msg': 'Field required', 'input': {'elderId': 'abc', 'type': 'medication', 'title': '吃药提醒', 'scheduledTime': '2025-12-02T08:00:00'}}]
2025-12-02 14:45:17,099 - main - INFO - main.py:40 - 正在关闭智慧健康管理系统后端服务...
2025-12-02 14:45:41,410 - main - INFO - main.py:25 - 正在启动智慧健康管理系统后端服务...
2025-12-02 14:45:41,411 - main - INFO - main.py:26 - 系统版本: 1.0.0
2025-12-02 14:45:41,418 - main - INFO - main.py:32 - 数据库表创建成功
2025-12-02 19:06:27,931 - main - INFO - main.py:25 - 正在启动智慧健康管理系统后端服务...
2025-12-02 19:06:27,931 - main - INFO - main.py:26 - 系统版本: 1.0.0
2025-12-02 19:06:27,946 - main - INFO - main.py:32 - 数据库表创建成功
2025-12-02 19:09:06,659 - database.database - ERROR - database.py:34 - 数据库会话错误: 401: {'error_code': 4011, 'error_msg': '手机号或密码错误', 'detail': None}
2025-12-02 19:09:25,203 - api.routes.elderly - INFO - elderly.py:474 - 获取用户 228acaae-3d75-4e41-8965-0c1b99030564 的今日健康数据
2025-12-02 19:12:36,400 - api.routes.elderly - INFO - elderly.py:474 - 获取用户 228acaae-3d75-4e41-8965-0c1b99030564 的今日健康数据
2025-12-02 19:13:50,427 - api.routes.elderly - INFO - elderly.py:474 - 获取用户 228acaae-3d75-4e41-8965-0c1b99030564 的今日健康数据
2025-12-02 19:18:15,585 - api.routes.elderly - INFO - elderly.py:474 - 获取用户 228acaae-3d75-4e41-8965-0c1b99030564 的今日健康数据
2025-12-02 19:18:15,865 - api.routes.elderly - INFO - elderly.py:474 - 获取用户 228acaae-3d75-4e41-8965-0c1b99030564 的今日健康数据
2025-12-02 19:19:01,854 - api.routes.elderly - INFO - elderly.py:474 - 获取用户 228acaae-3d75-4e41-8965-0c1b99030564 的今日健康数据
2025-12-02 19:20:27,474 - database.database - ERROR - database.py:34 - 数据库会话错误: 401: {'error_code': 4012, 'error_msg': '用户角色不匹配', 'detail': '期望角色: children, 实际角色: UserRole.ELDERLY'}
2025-12-02 19:20:31,455 - database.database - ERROR - database.py:34 - 数据库会话错误: 401: {'error_code': 4012, 'error_msg': '用户角色不匹配', 'detail': '期望角色: children, 实际角色: UserRole.ELDERLY'}
2025-12-02 19:20:32,938 - database.database - ERROR - database.py:34 - 数据库会话错误: 401: {'error_code': 4012, 'error_msg': '用户角色不匹配', 'detail': '期望角色: children, 实际角色: UserRole.ELDERLY'}
2025-12-02 19:33:45,142 - dependencies.get_current_user - WARNING - get_current_user.py:73 - 用户不存在: 228acaae-3d75-4e41-8965-0c1b99030564
2025-12-02 19:33:45,143 - database.database - ERROR - database.py:34 - 数据库会话错误: 401: 无法验证凭据
2025-12-02 19:35:11,677 - main - INFO - main.py:40 - 正在关闭智慧健康管理系统后端服务...
2025-12-02 19:38:10,302 - main - INFO - main.py:25 - 正在启动智慧健康管理系统后端服务...
2025-12-02 19:38:10,302 - main - INFO - main.py:26 - 系统版本: 1.0.0
2025-12-02 19:38:10,315 - main - INFO - main.py:32 - 数据库表创建成功
2025-12-02 19:44:07,016 - database.database - ERROR - database.py:34 - 数据库会话错误: 'elderly' is not among the defined enum values. Enum name: userrole. Possible values: ELDERLY, CHILDREN, COMMUNITY
2025-12-02 19:44:16,156 - database.database - ERROR - database.py:34 - 数据库会话错误: 'elderly' is not among the defined enum values. Enum name: userrole. Possible values: ELDERLY, CHILDREN, COMMUNITY
2025-12-02 19:48:08,621 - database.database - ERROR - database.py:34 - 数据库会话错误: 401: 无法验证凭据
2025-12-02 19:48:17,814 - database.database - ERROR - database.py:34 - 数据库会话错误: 401: 无法验证凭据
2025-12-02 19:54:12,901 - main - INFO - main.py:25 - 正在启动智慧健康管理系统后端服务...
2025-12-02 19:54:12,902 - main - INFO - main.py:26 - 系统版本: 1.0.0
2025-12-02 19:54:12,930 - main - INFO - main.py:32 - 数据库表创建成功
2025-12-02 19:54:21,228 - dependencies.get_current_user - WARNING - get_current_user.py:73 - 用户不存在: 7a5abb86-4c0f-47bc-b7d2-be4005a0218c
2025-12-02 19:54:21,229 - database.database - ERROR - database.py:34 - 数据库会话错误: 401: 无法验证凭据
2025-12-02 19:54:41,793 - database.database - ERROR - database.py:34 - 数据库会话错误: 401: 无法验证凭据
2025-12-02 20:32:28,102 - main - INFO - main.py:25 - 正在启动智慧健康管理系统后端服务...
2025-12-02 20:32:28,103 - main - INFO - main.py:26 - 系统版本: 1.0.0
2025-12-02 20:32:28,116 - main - INFO - main.py:32 - 数据库表创建成功
2025-12-02 20:34:06,405 - main - INFO - main.py:40 - 正在关闭智慧健康管理系统后端服务...
2025-12-02 20:38:26,383 - main - INFO - main.py:25 - 正在启动智慧健康管理系统后端服务...
2025-12-02 20:38:26,383 - main - INFO - main.py:26 - 系统版本: 1.0.0
2025-12-02 20:38:26,391 - main - INFO - main.py:32 - 数据库表创建成功
2025-12-02 20:54:11,552 - database.database - ERROR - database.py:34 - 数据库会话错误: 401: 无法验证凭据
2025-12-02 20:54:16,485 - database.database - ERROR - database.py:34 - 数据库会话错误: 401: {'error_code': 4012, 'error_msg': '用户角色不匹配', 'detail': '期望角色: children, 实际角色: UserRole.ELDERLY'}
2025-12-02 20:54:17,689 - database.database - ERROR - database.py:34 - 数据库会话错误: 401: {'error_code': 4012, 'error_msg': '用户角色不匹配', 'detail': '期望角色: children, 实际角色: UserRole.ELDERLY'}
2025-12-02 20:54:25,274 - database.database - ERROR - database.py:34 - 数据库会话错误: 401: 无法验证凭据
2025-12-02 20:59:37,385 - main - INFO - main.py:40 - 正在关闭智慧健康管理系统后端服务...
2025-12-02 20:59:52,354 - main - INFO - main.py:25 - 正在启动智慧健康管理系统后端服务...
2025-12-02 20:59:52,354 - main - INFO - main.py:26 - 系统版本: 1.0.0
2025-12-02 20:59:52,363 - main - INFO - main.py:32 - 数据库表创建成功
2025-12-02 21:00:39,067 - main - INFO - main.py:40 - 正在关闭智慧健康管理系统后端服务...
2025-12-02 21:01:04,293 - main - INFO - main.py:25 - 正在启动智慧健康管理系统后端服务...
2025-12-02 21:01:04,294 - main - INFO - main.py:26 - 系统版本: 1.0.0
2025-12-02 21:01:04,299 - main - INFO - main.py:32 - 数据库表创建成功
2025-12-02 21:02:37,592 - main - INFO - main.py:40 - 正在关闭智慧健康管理系统后端服务...
2025-12-02 21:03:48,045 - main - INFO - main.py:25 - 正在启动智慧健康管理系统后端服务...
2025-12-02 21:03:48,045 - main - INFO - main.py:26 - 系统版本: 1.0.0
2025-12-02 21:03:48,054 - main - INFO - main.py:32 - 数据库表创建成功
2025-12-02 21:04:13,325 - database.database - ERROR - database.py:34 - 数据库会话错误: 401: 无法验证凭据
2025-12-02 21:04:36,065 - database.database - ERROR - database.py:34 - 数据库会话错误: 401: 无法验证凭据
2025-12-02 21:08:56,051 - main - INFO - main.py:40 - 正在关闭智慧健康管理系统后端服务...
2025-12-02 21:09:14,654 - main - INFO - main.py:25 - 正在启动智慧健康管理系统后端服务...
2025-12-02 21:09:14,655 - main - INFO - main.py:26 - 系统版本: 1.0.0
2025-12-02 21:09:14,662 - main - INFO - main.py:32 - 数据库表创建成功
2025-12-02 21:09:27,587 - main - INFO - main.py:40 - 正在关闭智慧健康管理系统后端服务...
2025-12-02 21:09:41,232 - main - INFO - main.py:25 - 正在启动智慧健康管理系统后端服务...
2025-12-02 21:09:41,233 - main - INFO - main.py:26 - 系统版本: 1.0.0
2025-12-02 21:09:41,240 - main - INFO - main.py:32 - 数据库表创建成功
2025-12-02 21:12:31,140 - main - INFO - main.py:40 - 正在关闭智慧健康管理系统后端服务...
2025-12-02 21:12:59,199 - main - INFO - main.py:25 - 正在启动智慧健康管理系统后端服务...
2025-12-02 21:12:59,200 - main - INFO - main.py:26 - 系统版本: 1.0.0
2025-12-02 21:12:59,207 - main - INFO - main.py:32 - 数据库表创建成功
2025-12-02 21:13:34,355 - database.database - ERROR - database.py:34 - 数据库会话错误: (builtins.AttributeError) 'str' object has no attribute 'hex'
[SQL: SELECT users.id AS users_id, users.username AS users_username, users.phone_number AS users_phone_number, users.password AS users_password, users.role AS users_role, users.status AS users_status, users.created_at AS users_created_at, users.updated_at AS users_updated_at, users.last_login_at AS users_last_login_at 
FROM users 
WHERE users.id = ?
 LIMIT ? OFFSET ?]
[parameters: [{}]]
2025-12-02 21:14:56,751 - main - INFO - main.py:40 - 正在关闭智慧健康管理系统后端服务...
2025-12-02 21:15:23,581 - main - INFO - main.py:25 - 正在启动智慧健康管理系统后端服务...
2025-12-02 21:15:23,581 - main - INFO - main.py:26 - 系统版本: 1.0.0
2025-12-02 21:15:23,589 - main - INFO - main.py:32 - 数据库表创建成功
2025-12-02 21:15:27,392 - main - INFO - main.py:40 - 正在关闭智慧健康管理系统后端服务...
2025-12-02 21:15:51,492 - main - INFO - main.py:25 - 正在启动智慧健康管理系统后端服务...
2025-12-02 21:15:51,492 - main - INFO - main.py:26 - 系统版本: 1.0.0
2025-12-02 21:15:51,502 - main - INFO - main.py:32 - 数据库表创建成功
2025-12-02 21:15:53,246 - database.database - ERROR - database.py:34 - 数据库会话错误: (builtins.AttributeError) 'str' object has no attribute 'hex'
[SQL: SELECT users.id AS users_id, users.username AS users_username, users.phone_number AS users_phone_number, users.password AS users_password, users.role AS users_role, users.status AS users_status, users.created_at AS users_created_at, users.updated_at AS users_updated_at, users.last_login_at AS users_last_login_at 
FROM users 
WHERE users.id = ?
 LIMIT ? OFFSET ?]
[parameters: [{}]]
2025-12-02 21:17:45,447 - main - INFO - main.py:40 - 正在关闭智慧健康管理系统后端服务...
2025-12-02 21:17:59,470 - main - INFO - main.py:25 - 正在启动智慧健康管理系统后端服务...
2025-12-02 21:17:59,471 - main - INFO - main.py:26 - 系统版本: 1.0.0
2025-12-02 21:17:59,477 - main - INFO - main.py:32 - 数据库表创建成功
2025-12-02 21:19:19,595 - main - INFO - main.py:40 - 正在关闭智慧健康管理系统后端服务...
2025-12-02 21:21:41,318 - main - INFO - main.py:25 - 正在启动智慧健康管理系统后端服务...
2025-12-02 21:21:41,318 - main - INFO - main.py:26 - 系统版本: 1.0.0
2025-12-02 21:21:41,327 - main - INFO - main.py:32 - 数据库表创建成功
2025-12-02 21:22:22,367 - dependencies.get_current_user - WARNING - get_current_user.py:73 - 用户不存在: 7a5abb86-4c0f-47bc-b7d2-be4005a0218c
2025-12-02 21:22:22,367 - database.database - ERROR - database.py:34 - 数据库会话错误: 401: 无法验证凭据
2025-12-02 21:22:28,944 - database.database - ERROR - database.py:34 - 数据库会话错误: (builtins.AttributeError) 'str' object has no attribute 'hex'
[SQL: SELECT users.id AS users_id, users.username AS users_username, users.phone_number AS users_phone_number, users.password AS users_password, users.role AS users_role, users.status AS users_status, users.created_at AS users_created_at, users.updated_at AS users_updated_at, users.last_login_at AS users_last_login_at 
FROM users 
WHERE users.id = ?]
[parameters: [{'pk_1': '7a5abb86-4c0f-47bc-b7d2-be4005a0218c'}]]
2025-12-02 21:24:17,386 - main - INFO - main.py:40 - 正在关闭智慧健康管理系统后端服务...
2025-12-02 21:24:31,700 - main - INFO - main.py:25 - 正在启动智慧健康管理系统后端服务...
2025-12-02 21:24:31,700 - main - INFO - main.py:26 - 系统版本: 1.0.0
2025-12-02 21:24:31,709 - main - INFO - main.py:32 - 数据库表创建成功
2025-12-02 21:25:58,569 - main - INFO - main.py:25 - 正在启动智慧健康管理系统后端服务...
2025-12-02 21:25:58,569 - main - INFO - main.py:26 - 系统版本: 1.0.0
2025-12-02 21:25:58,578 - main - INFO - main.py:32 - 数据库表创建成功
2025-12-02 21:27:35,451 - main - INFO - main.py:40 - 正在关闭智慧健康管理系统后端服务...
2025-12-02 21:27:49,427 - main - INFO - main.py:25 - 正在启动智慧健康管理系统后端服务...
2025-12-02 21:27:49,427 - main - INFO - main.py:26 - 系统版本: 1.0.0
2025-12-02 21:27:49,434 - main - INFO - main.py:32 - 数据库表创建成功
2025-12-02 21:30:37,135 - main - INFO - main.py:25 - 正在启动智慧健康管理系统后端服务...
2025-12-02 21:30:37,135 - main - INFO - main.py:26 - 系统版本: 1.0.0
2025-12-02 21:30:37,144 - main - INFO - main.py:32 - 数据库表创建成功
2025-12-02 23:28:40,201 - main - INFO - main.py:40 - 正在关闭智慧健康管理系统后端服务...
2025-12-02 23:28:53,884 - main - INFO - main.py:25 - 正在启动智慧健康管理系统后端服务...
2025-12-02 23:28:53,884 - main - INFO - main.py:26 - 系统版本: 1.0.0
2025-12-02 23:28:53,891 - main - INFO - main.py:32 - 数据库表创建成功
2025-12-02 23:29:01,714 - main - INFO - main.py:40 - 正在关闭智慧健康管理系统后端服务...
2025-12-06 01:05:59,610 - main - INFO - main.py:25 - 正在启动智慧健康管理系统后端服务...
2025-12-06 01:05:59,610 - main - INFO - main.py:26 - 系统版本: 1.0.0
2025-12-06 01:05:59,621 - main - INFO - main.py:32 - 数据库表创建成功
2025-12-06 01:21:46,044 - main - INFO - main.py:25 - 正在启动智慧健康管理系统后端服务...
2025-12-06 01:21:46,044 - main - INFO - main.py:26 - 系统版本: 1.0.0
2025-12-06 01:21:46,054 - main - INFO - main.py:32 - 数据库表创建成功
2025-12-06 01:22:09,176 - main - INFO - main.py:40 - 正在关闭智慧健康管理系统后端服务...
2025-12-06 01:22:11,392 - main - INFO - main.py:25 - 正在启动智慧健康管理系统后端服务...
2025-12-06 01:22:11,392 - main - INFO - main.py:26 - 系统版本: 1.0.0
2025-12-06 01:22:11,402 - main - INFO - main.py:32 - 数据库表创建成功
2025-12-06 01:22:22,569 - main - INFO - main.py:40 - 正在关闭智慧健康管理系统后端服务...
2025-12-06 01:22:22,709 - main - INFO - main.py:40 - 正在关闭智慧健康管理系统后端服务...
2025-12-06 01:22:43,696 - main - INFO - main.py:25 - 正在启动智慧健康管理系统后端服务...
2025-12-06 01:22:43,696 - main - INFO - main.py:25 - 正在启动智慧健康管理系统后端服务...
2025-12-06 01:22:43,697 - main - INFO - main.py:25 - 正在启动智慧健康管理系统后端服务...
2025-12-06 01:22:43,697 - main - INFO - main.py:26 - 系统版本: 1.0.0
2025-12-06 01:22:43,697 - main - INFO - main.py:26 - 系统版本: 1.0.0
2025-12-06 01:22:43,697 - main - INFO - main.py:26 - 系统版本: 1.0.0
2025-12-06 01:22:43,701 - main - INFO - main.py:25 - 正在启动智慧健康管理系统后端服务...
2025-12-06 01:22:43,702 - main - INFO - main.py:26 - 系统版本: 1.0.0
2025-12-06 01:22:43,704 - main - INFO - main.py:32 - 数据库表创建成功
2025-12-06 01:22:43,705 - main - INFO - main.py:32 - 数据库表创建成功
2025-12-06 01:22:43,705 - main - INFO - main.py:32 - 数据库表创建成功
2025-12-06 01:22:43,709 - main - INFO - main.py:32 - 数据库表创建成功
2025-12-06 01:22:51,148 - main - INFO - main.py:25 - 正在启动智慧健康管理系统后端服务...
2025-12-06 01:22:51,149 - main - INFO - main.py:26 - 系统版本: 1.0.0
2025-12-06 01:22:51,158 - main - INFO - main.py:25 - 正在启动智慧健康管理系统后端服务...
2025-12-06 01:22:51,158 - main - INFO - main.py:26 - 系统版本: 1.0.0
2025-12-06 01:22:51,160 - main - INFO - main.py:25 - 正在启动智慧健康管理系统后端服务...
2025-12-06 01:22:51,160 - main - INFO - main.py:26 - 系统版本: 1.0.0
2025-12-06 01:22:51,163 - main - INFO - main.py:32 - 数据库表创建成功
2025-12-06 01:22:51,165 - main - INFO - main.py:25 - 正在启动智慧健康管理系统后端服务...
2025-12-06 01:22:51,166 - main - INFO - main.py:26 - 系统版本: 1.0.0
2025-12-06 01:22:51,169 - main - INFO - main.py:32 - 数据库表创建成功
2025-12-06 01:22:51,171 - main - INFO - main.py:32 - 数据库表创建成功
2025-12-06 01:22:51,175 - main - INFO - main.py:32 - 数据库表创建成功
2025-12-06 01:36:04,351 - main - INFO - main.py:25 - 正在启动智慧健康管理系统后端服务...
2025-12-06 01:36:04,351 - main - INFO - main.py:26 - 系统版本: 1.0.0
2025-12-06 01:36:04,362 - main - INFO - main.py:32 - 数据库表创建成功
2025-12-06 01:44:03,918 - main - INFO - main.py:40 - 正在关闭智慧健康管理系统后端服务...
2025-12-06 01:44:10,089 - main - INFO - main.py:25 - 正在启动智慧健康管理系统后端服务...
2025-12-06 01:44:10,089 - main - INFO - main.py:26 - 系统版本: 1.0.0
2025-12-06 01:44:10,099 - main - INFO - main.py:32 - 数据库表创建成功
2025-12-06 01:44:12,704 - main - INFO - main.py:40 - 正在关闭智慧健康管理系统后端服务...
2025-12-06 01:44:18,808 - main - INFO - main.py:25 - 正在启动智慧健康管理系统后端服务...
2025-12-06 01:44:18,809 - main - INFO - main.py:26 - 系统版本: 1.0.0
2025-12-06 01:44:18,820 - main - INFO - main.py:32 - 数据库表创建成功
2025-12-06 01:54:01,164 - main - INFO - main.py:25 - 正在启动智慧健康管理系统后端服务...
2025-12-06 01:54:01,164 - main - INFO - main.py:26 - 系统版本: 1.0.0
2025-12-06 01:54:01,177 - main - INFO - main.py:32 - 数据库表创建成功
2025-12-06 01:56:45,328 - main - INFO - main.py:40 - 正在关闭智慧健康管理系统后端服务...
2025-12-06 01:56:53,584 - main - INFO - main.py:25 - 正在启动智慧健康管理系统后端服务...
2025-12-06 01:56:53,584 - main - INFO - main.py:26 - 系统版本: 1.0.0
2025-12-06 01:56:53,600 - main - INFO - main.py:32 - 数据库表创建成功
2025-12-06 01:58:01,041 - main - INFO - main.py:25 - 正在启动智慧健康管理系统后端服务...
2025-12-06 01:58:01,042 - main - INFO - main.py:26 - 系统版本: 1.0.0
2025-12-06 01:58:01,071 - main - INFO - main.py:32 - 数据库表创建成功
2025-12-06 01:58:36,448 - services.voice_service - INFO - voice_service.py:103 - TTS 生成成功: e8af7be4-cece-475e-be6c-c2840d56da33, 文本长度: 25
2025-12-06 01:59:07,188 - services.voice_service - INFO - voice_service.py:103 - TTS 生成成功: e9410613-4e61-49eb-86db-69bac95d2581, 文本长度: 25
2025-12-06 02:03:00,834 - services.voice_service - INFO - voice_service.py:103 - TTS 生成成功: 30207364-eaad-47ac-a219-7f007ab4f065, 文本长度: 25
2025-12-06 02:04:28,880 - services.voice_service - INFO - voice_service.py:103 - TTS 生成成功: bd4b3908-237e-4817-a784-a9c016456ea1, 文本长度: 47
2025-12-06 02:04:55,486 - services.voice_service - INFO - voice_service.py:103 - TTS 生成成功: 5444663d-ffdd-48fa-806e-dacac81402f4, 文本长度: 117
2025-12-06 02:05:06,497 - main - INFO - main.py:40 - 正在关闭智慧健康管理系统后端服务...
2025-12-06 02:05:17,354 - main - INFO - main.py:25 - 正在启动智慧健康管理系统后端服务...
2025-12-06 02:05:17,355 - main - INFO - main.py:26 - 系统版本: 1.0.0
2025-12-06 02:05:17,374 - main - INFO - main.py:32 - 数据库表创建成功
2025-12-06 02:05:17,917 - main - INFO - main.py:40 - 正在关闭智慧健康管理系统后端服务...
2025-12-06 02:05:30,210 - main - INFO - main.py:25 - 正在启动智慧健康管理系统后端服务...
2025-12-06 02:05:30,212 - main - INFO - main.py:26 - 系统版本: 1.0.0
2025-12-06 02:05:30,253 - main - INFO - main.py:32 - 数据库表创建成功
2025-12-06 02:05:39,255 - services.voice_service - INFO - voice_service.py:103 - TTS 生成成功: 01237a65-5723-47d9-af3d-363187d0522f, 文本长度: 105
2025-12-06 02:06:10,546 - services.voice_service - INFO - voice_service.py:103 - TTS 生成成功: d924e04a-f107-4e7e-929d-31d01d7d3f93, 文本长度: 59
2025-12-06 02:06:44,149 - services.voice_service - INFO - voice_service.py:103 - TTS 生成成功: 243787ee-0847-4a48-bce5-02206e8e0829, 文本长度: 223
2025-12-06 02:07:40,635 - services.voice_service - INFO - voice_service.py:103 - TTS 生成成功: 3e80a65f-c1a0-46c8-b89b-2df8ff2e7c96, 文本长度: 16
2025-12-06 02:07:57,015 - services.voice_service - INFO - voice_service.py:103 - TTS 生成成功: 34483101-f963-492d-ab3b-56dfa0c29d0b, 文本长度: 137
2025-12-06 02:08:35,896 - services.voice_service - INFO - voice_service.py:103 - TTS 生成成功: c5a4f1ac-86f5-492d-921f-addc0ad1c94d, 文本长度: 66
2025-12-06 02:14:40,813 - services.voice_service - INFO - voice_service.py:103 - TTS 生成成功: 9743e29f-6345-4a45-bf99-447f35519411, 文本长度: 15
2025-12-06 02:14:43,326 - services.voice_service - INFO - voice_service.py:103 - TTS 生成成功: 03f93cae-30c1-427c-987c-aba6b038f4e0, 文本长度: 15
2025-12-06 02:14:45,609 - services.voice_service - INFO - voice_service.py:103 - TTS 生成成功: dc49cb16-7c08-4519-9a89-ec7ce87d4cae, 文本长度: 15
2025-12-06 02:16:19,449 - services.voice_service - INFO - voice_service.py:103 - TTS 生成成功: 1710c5c2-d9a6-4064-a013-56e82bf11f3b, 文本长度: 15
2025-12-06 02:16:30,485 - services.voice_service - INFO - voice_service.py:103 - TTS 生成成功: ee1cf7b1-068a-458b-8a59-b4048b983907, 文本长度: 15
2025-12-06 02:18:00,060 - services.voice_service - INFO - voice_service.py:103 - TTS 生成成功: 9e68e20c-f717-4933-876a-a5c3ed5cc088, 文本长度: 15
2025-12-06 02:19:30,549 - main - INFO - main.py:40 - 正在关闭智慧健康管理系统后端服务...
2025-12-06 02:19:37,402 - main - INFO - main.py:25 - 正在启动智慧健康管理系统后端服务...
2025-12-06 02:19:37,402 - main - INFO - main.py:26 - 系统版本: 1.0.0
2025-12-06 02:19:37,415 - main - INFO - main.py:32 - 数据库表创建成功
2025-12-06 02:20:48,528 - main - INFO - main.py:40 - 正在关闭智慧健康管理系统后端服务...
2025-12-06 02:20:55,104 - main - INFO - main.py:25 - 正在启动智慧健康管理系统后端服务...
2025-12-06 02:20:55,104 - main - INFO - main.py:26 - 系统版本: 1.0.0
2025-12-06 02:20:55,114 - main - INFO - main.py:32 - 数据库表创建成功
2025-12-06 02:20:57,494 - main - INFO - main.py:40 - 正在关闭智慧健康管理系统后端服务...
2025-12-06 02:21:04,739 - main - INFO - main.py:25 - 正在启动智慧健康管理系统后端服务...
2025-12-06 02:21:04,740 - main - INFO - main.py:26 - 系统版本: 1.0.0
2025-12-06 02:21:04,765 - main - INFO - main.py:32 - 数据库表创建成功
2025-12-06 02:21:25,489 - main - INFO - main.py:40 - 正在关闭智慧健康管理系统后端服务...
2025-12-06 02:21:32,292 - main - INFO - main.py:25 - 正在启动智慧健康管理系统后端服务...
2025-12-06 02:21:32,293 - main - INFO - main.py:26 - 系统版本: 1.0.0
2025-12-06 02:21:32,307 - main - INFO - main.py:32 - 数据库表创建成功
2025-12-06 02:21:35,777 - main - INFO - main.py:40 - 正在关闭智慧健康管理系统后端服务...
2025-12-06 02:21:44,039 - main - INFO - main.py:25 - 正在启动智慧健康管理系统后端服务...
2025-12-06 02:21:44,039 - main - INFO - main.py:26 - 系统版本: 1.0.0
2025-12-06 02:21:44,051 - main - INFO - main.py:32 - 数据库表创建成功
2025-12-06 02:21:45,247 - main - INFO - main.py:40 - 正在关闭智慧健康管理系统后端服务...
2025-12-06 02:21:53,683 - main - INFO - main.py:25 - 正在启动智慧健康管理系统后端服务...
2025-12-06 02:21:53,683 - main - INFO - main.py:26 - 系统版本: 1.0.0
2025-12-06 02:21:53,699 - main - INFO - main.py:32 - 数据库表创建成功
2025-12-06 02:22:06,870 - main - INFO - main.py:40 - 正在关闭智慧健康管理系统后端服务...
2025-12-06 02:22:15,437 - main - INFO - main.py:25 - 正在启动智慧健康管理系统后端服务...
2025-12-06 02:22:15,437 - main - INFO - main.py:26 - 系统版本: 1.0.0
2025-12-06 02:22:15,450 - main - INFO - main.py:32 - 数据库表创建成功
2025-12-06 02:22:21,401 - main - INFO - main.py:40 - 正在关闭智慧健康管理系统后端服务...
2025-12-06 02:22:29,578 - main - INFO - main.py:25 - 正在启动智慧健康管理系统后端服务...
2025-12-06 02:22:29,579 - main - INFO - main.py:26 - 系统版本: 1.0.0
2025-12-06 02:22:29,594 - main - INFO - main.py:32 - 数据库表创建成功
2025-12-06 02:23:28,662 - main - INFO - main.py:25 - 正在启动智慧健康管理系统后端服务...
2025-12-06 02:23:28,662 - main - INFO - main.py:26 - 系统版本: 1.0.0
2025-12-06 02:23:28,672 - main - INFO - main.py:32 - 数据库表创建成功
2025-12-06 02:24:36,139 - main - INFO - main.py:25 - 正在启动智慧健康管理系统后端服务...
2025-12-06 02:24:36,139 - main - INFO - main.py:26 - 系统版本: 1.0.0
2025-12-06 02:24:36,152 - main - INFO - main.py:32 - 数据库表创建成功
2025-12-06 02:25:06,307 - services.voice_service - INFO - voice_service.py:103 - TTS 生成成功: f737ceec-d7da-4d71-8e1f-22bad20f2f09, 文本长度: 15
2025-12-06 02:27:29,028 - services.voice_service - INFO - voice_service.py:103 - TTS 生成成功: c63382cd-ae40-4f83-bca0-017d9dfa377b, 文本长度: 16
2025-12-06 02:27:38,855 - services.voice_service - INFO - voice_service.py:103 - TTS 生成成功: e6cd99a5-ff3a-44cf-b106-7a3fb7f927d4, 文本长度: 16
2025-12-06 02:34:26,918 - services.voice_service - INFO - voice_service.py:103 - TTS 生成成功: b365b097-8eeb-48d3-937f-44a6be27c549, 文本长度: 51
2025-12-06 02:34:38,112 - services.voice_service - INFO - voice_service.py:103 - TTS 生成成功: f5b438b7-2c2b-497d-b6fe-fe413223cf7c, 文本长度: 51
2025-12-06 02:37:51,533 - services.voice_service - INFO - voice_service.py:103 - TTS 生成成功: 35b8eb8d-99ce-44b4-929e-1a363eb865a8, 文本长度: 51
2025-12-06 02:38:26,557 - services.voice_service - INFO - voice_service.py:103 - TTS 生成成功: 7631a0f4-616e-4bf3-b481-5edaf2dde4ed, 文本长度: 75
2025-12-06 02:38:47,000 - services.voice_service - INFO - voice_service.py:103 - TTS 生成成功: 2510c399-1fa2-4317-825a-89bd357b56c5, 文本长度: 75
2025-12-06 02:38:49,532 - services.voice_service - INFO - voice_service.py:103 - TTS 生成成功: 1eee8a2b-5f44-4e80-b3e0-8a72d78e2f4b, 文本长度: 25
2025-12-06 02:39:13,315 - services.voice_service - INFO - voice_service.py:103 - TTS 生成成功: c24aebcd-c467-4139-8423-45398d5559f6, 文本长度: 54
2025-12-06 02:40:44,132 - services.voice_service - INFO - voice_service.py:103 - TTS 生成成功: 576f62a4-fb8c-4e7b-b5b7-046a1fa4ad62, 文本长度: 42
2025-12-06 02:40:59,813 - services.voice_service - INFO - voice_service.py:103 - TTS 生成成功: 52716650-dc0c-468d-b522-8ac74d61f876, 文本长度: 51
2025-12-06 02:41:07,642 - services.voice_service - INFO - voice_service.py:103 - TTS 生成成功: 818b058d-d7ec-49f1-b5e1-4882b106dcce, 文本长度: 63
2025-12-06 02:41:45,035 - services.voice_service - INFO - voice_service.py:103 - TTS 生成成功: b3da1fee-2b93-4e61-9b9c-51b40eee5119, 文本长度: 31
2025-12-06 03:35:22,521 - services.voice_service - INFO - voice_service.py:103 - TTS 生成成功: 1bf7ca79-0760-482a-8f21-bccd4bd96dbb, 文本长度: 25
2025-12-06 03:35:47,170 - services.voice_service - INFO - voice_service.py:103 - TTS 生成成功: e560d512-7be8-4764-8dd9-ba7a4fc99a08, 文本长度: 42
2025-12-06 03:36:08,421 - services.voice_service - INFO - voice_service.py:103 - TTS 生成成功: e443dc7c-a2e3-4344-8814-7d3a0b58666e, 文本长度: 122
2025-12-06 03:36:49,932 - services.voice_service - INFO - voice_service.py:103 - TTS 生成成功: 24dd0c12-a1ba-4ae0-a593-5197d22db7d0, 文本长度: 145
2025-12-06 03:37:17,988 - services.voice_service - INFO - voice_service.py:103 - TTS 生成成功: 7452a4b5-c656-483b-9f5c-b06608d73855, 文本长度: 25
2025-12-06 03:37:30,736 - services.voice_service - INFO - voice_service.py:103 - TTS 生成成功: c31c6d4c-3c19-41c0-8b5b-a1a3d97ab8c4, 文本长度: 22
2025-12-06 03:38:36,940 - main - INFO - main.py:40 - 正在关闭智慧健康管理系统后端服务...
2025-12-06 03:39:03,885 - main - INFO - main.py:25 - 正在启动智慧健康管理系统后端服务...
2025-12-06 03:39:03,886 - main - INFO - main.py:26 - 系统版本: 1.0.0
2025-12-06 03:39:03,904 - main - INFO - main.py:32 - 数据库表创建成功
2025-12-06 03:47:55,600 - main - INFO - main.py:25 - 正在启动智慧健康管理系统后端服务...
2025-12-06 03:47:55,600 - main - INFO - main.py:26 - 系统版本: 1.0.0
2025-12-06 03:47:55,612 - main - INFO - main.py:32 - 数据库表创建成功
2025-12-06 03:55:39,607 - main - INFO - main.py:25 - 正在启动智慧健康管理系统后端服务...
2025-12-06 03:55:39,607 - main - INFO - main.py:26 - 系统版本: 1.0.0
2025-12-06 03:55:39,625 - main - INFO - main.py:32 - 数据库表创建成功
2025-12-06 04:04:12,974 - main - INFO - main.py:25 - 正在启动智慧健康管理系统后端服务...
2025-12-06 04:04:12,975 - main - INFO - main.py:26 - 系统版本: 1.0.0
2025-12-06 04:04:12,988 - main - INFO - main.py:32 - 数据库表创建成功
2025-12-06 04:21:27,230 - main - INFO - main.py:40 - 正在关闭智慧健康管理系统后端服务...
